# JRE version: OpenJDK Runtime Environment (21.0.9) (build 21.0.9+-14787801-b1163.94)
# Java VM: OpenJDK 64-Bit Server VM (21.0.9+-14787801-b1163.94, mixed mode, tiered, compressed oops, compressed class ptrs, g1 gc, windows-amd64)
GC Precious Log:
 CardTable entry size: 512
 Card Set container configuration: InlinePtr #cards 5 size 8 Array Of Cards #cards 12 size 40 Howl #buckets 4 coarsen threshold 1843 Howl Bitmap #cards 512 size 80 coarsen threshold 460 Card regions per heap region 1 cards per card region 2048
 CPUs: 12 total, 12 available
 Memory: 7817M
 Large Page Support: Disabled
 NUMA Support: Disabled
 Compressed Oops: Enabled (32-bit)
 Heap Region Size: 1M
 Heap Min Capacity: 8M
 Heap Initial Capacity: 124M
 Heap Max Capacity: 1956M
 Pre-touch: Disabled
 Parallel Workers: 10
 Concurrent Workers: 3
 Concurrent Refinement Workers: 10
 Periodic GC: Disabled
Heap:
 garbage-first heap   total 189440K, used 105783K [0x0000000085c00000, 0x0000000100000000)
  region size 1024K, 16 young (16384K), 8 survivors (8192K)
 Metaspace       used 56663K, committed 56960K, reserved 1114112K
  class space    used 6524K, committed 6656K, reserved 1048576K
GC Heap History (20 events):
Event: 29.095 GC heap before
{Heap before GC invocations=20 (full 0):
 garbage-first heap   total 65536K, used 49017K [0x0000000085c00000, 0x0000000100000000)
  region size 1024K, 14 young (14336K), 3 survivors (3072K)
 Metaspace       used 50004K, committed 50304K, reserved 1114112K
  class space    used 5851K, committed 6016K, reserved 1048576K
}
Event: 29.107 GC heap after
{Heap after GC invocations=21 (full 0):
 garbage-first heap   total 65536K, used 41738K [0x0000000085c00000, 0x0000000100000000)
  region size 1024K, 2 young (2048K), 2 survivors (2048K)
 Metaspace       used 50004K, committed 50304K, reserved 1114112K
  class space    used 5851K, committed 6016K, reserved 1048576K
}
Event: 29.655 GC heap before
{Heap before GC invocations=21 (full 0):
 garbage-first heap   total 65536K, used 55050K [0x0000000085c00000, 0x0000000100000000)
  region size 1024K, 15 young (15360K), 2 survivors (2048K)
 Metaspace       used 52479K, committed 52736K, reserved 1114112K
  class space    used 6143K, committed 6272K, reserved 1048576K
}
Event: 29.665 GC heap after
{Heap after GC invocations=22 (full 0):
 garbage-first heap   total 65536K, used 43673K [0x0000000085c00000, 0x0000000100000000)
  region size 1024K, 2 young (2048K), 2 survivors (2048K)
 Metaspace       used 52479K, committed 52736K, reserved 1114112K
  class space    used 6143K, committed 6272K, reserved 1048576K
}
Event: 29.781 GC heap before
{Heap before GC invocations=22 (full 0):
 garbage-first heap   total 65536K, used 47769K [0x0000000085c00000, 0x0000000100000000)
  region size 1024K, 7 young (7168K), 2 survivors (2048K)
 Metaspace       used 52928K, committed 53184K, reserved 1114112K
  class space    used 6192K, committed 6336K, reserved 1048576K
}
Event: 29.789 GC heap after
{Heap after GC invocations=23 (full 0):
 garbage-first heap   total 86016K, used 44975K [0x0000000085c00000, 0x0000000100000000)
  region size 1024K, 2 young (2048K), 2 survivors (2048K)
 Metaspace       used 52928K, committed 53184K, reserved 1114112K
  class space    used 6192K, committed 6336K, reserved 1048576K
}
Event: 29.914 GC heap before
{Heap before GC invocations=23 (full 0):
 garbage-first heap   total 86016K, used 70575K [0x0000000085c00000, 0x0000000100000000)
  region size 1024K, 27 young (27648K), 2 survivors (2048K)
 Metaspace       used 52972K, committed 53248K, reserved 1114112K
  class space    used 6192K, committed 6336K, reserved 1048576K
}
Event: 29.934 GC heap after
{Heap after GC invocations=24 (full 0):
 garbage-first heap   total 86016K, used 55161K [0x0000000085c00000, 0x0000000100000000)
  region size 1024K, 4 young (4096K), 4 survivors (4096K)
 Metaspace       used 52972K, committed 53248K, reserved 1114112K
  class space    used 6192K, committed 6336K, reserved 1048576K
}
Event: 30.730 GC heap before
{Heap before GC invocations=24 (full 0):
 garbage-first heap   total 86016K, used 71545K [0x0000000085c00000, 0x0000000100000000)
  region size 1024K, 21 young (21504K), 4 survivors (4096K)
 Metaspace       used 54089K, committed 54400K, reserved 1114112K
  class space    used 6306K, committed 6464K, reserved 1048576K
}
Event: 30.746 GC heap after
{Heap after GC invocations=25 (full 0):
 garbage-first heap   total 86016K, used 59226K [0x0000000085c00000, 0x0000000100000000)
  region size 1024K, 3 young (3072K), 3 survivors (3072K)
 Metaspace       used 54089K, committed 54400K, reserved 1114112K
  class space    used 6306K, committed 6464K, reserved 1048576K
}
Event: 31.665 GC heap before
{Heap before GC invocations=26 (full 0):
 garbage-first heap   total 99328K, used 74586K [0x0000000085c00000, 0x0000000100000000)
  region size 1024K, 18 young (18432K), 3 survivors (3072K)
 Metaspace       used 54836K, committed 55168K, reserved 1114112K
  class space    used 6401K, committed 6528K, reserved 1048576K
}
Event: 31.680 GC heap after
{Heap after GC invocations=27 (full 0):
 garbage-first heap   total 99328K, used 61889K [0x0000000085c00000, 0x0000000100000000)
  region size 1024K, 3 young (3072K), 3 survivors (3072K)
 Metaspace       used 54836K, committed 55168K, reserved 1114112K
  class space    used 6401K, committed 6528K, reserved 1048576K
}
Event: 31.806 GC heap before
{Heap before GC invocations=27 (full 0):
 garbage-first heap   total 99328K, used 84417K [0x0000000085c00000, 0x0000000100000000)
  region size 1024K, 25 young (25600K), 3 survivors (3072K)
 Metaspace       used 54837K, committed 55168K, reserved 1114112K
  class space    used 6401K, committed 6528K, reserved 1048576K
}
Event: 31.821 GC heap after
{Heap after GC invocations=28 (full 0):
 garbage-first heap   total 99328K, used 66227K [0x0000000085c00000, 0x0000000100000000)
  region size 1024K, 4 young (4096K), 4 survivors (4096K)
 Metaspace       used 54837K, committed 55168K, reserved 1114112K
  class space    used 6401K, committed 6528K, reserved 1048576K
}
Event: 31.899 GC heap before
{Heap before GC invocations=28 (full 0):
 garbage-first heap   total 99328K, used 86707K [0x0000000085c00000, 0x0000000100000000)
  region size 1024K, 24 young (24576K), 4 survivors (4096K)
 Metaspace       used 54837K, committed 55168K, reserved 1114112K
  class space    used 6401K, committed 6528K, reserved 1048576K
}
Event: 31.911 GC heap after
{Heap after GC invocations=29 (full 0):
 garbage-first heap   total 189440K, used 71450K [0x0000000085c00000, 0x0000000100000000)
  region size 1024K, 3 young (3072K), 3 survivors (3072K)
 Metaspace       used 54837K, committed 55168K, reserved 1114112K
  class space    used 6401K, committed 6528K, reserved 1048576K
}
Event: 33.335 GC heap before
{Heap before GC invocations=30 (full 0):
 garbage-first heap   total 189440K, used 144154K [0x0000000085c00000, 0x0000000100000000)
  region size 1024K, 74 young (75776K), 3 survivors (3072K)
 Metaspace       used 54837K, committed 55168K, reserved 1114112K
  class space    used 6401K, committed 6528K, reserved 1048576K
}
Event: 33.350 GC heap after
{Heap after GC invocations=31 (full 0):
 garbage-first heap   total 189440K, used 89977K [0x0000000085c00000, 0x0000000100000000)
  region size 1024K, 10 young (10240K), 10 survivors (10240K)
 Metaspace       used 54837K, committed 55168K, reserved 1114112K
  class space    used 6401K, committed 6528K, reserved 1048576K
}
Event: 35.083 GC heap before
{Heap before GC invocations=31 (full 0):
 garbage-first heap   total 189440K, used 144249K [0x0000000085c00000, 0x0000000100000000)
  region size 1024K, 63 young (64512K), 10 survivors (10240K)
 Metaspace       used 56422K, committed 56704K, reserved 1114112K
  class space    used 6514K, committed 6656K, reserved 1048576K
}
Event: 35.103 GC heap after
{Heap after GC invocations=32 (full 0):
 garbage-first heap   total 189440K, used 98615K [0x0000000085c00000, 0x0000000100000000)
  region size 1024K, 8 young (8192K), 8 survivors (8192K)
 Metaspace       used 56422K, committed 56704K, reserved 1114112K
  class space    used 6514K, committed 6656K, reserved 1048576K
}

